==> Loaded configuration from /vagrant/client.hcl
==> Starting Nomad agent...
==> Nomad agent configuration:

       Advertise Addrs: HTTP: 172.17.8.102:4646
            Bind Addrs: HTTP: 0.0.0.0:4646
                Client: true
             Log Level: DEBUG
                Region: global (DC: dc1)
                Server: false
               Version: 1.1.0

==> Nomad agent started! Log data will stream in below:

    2021-06-14T11:01:13.632Z [WARN]  agent.plugin_loader: skipping external plugins since plugin_dir doesn't exist: plugin_dir=/tmp/client/plugins
    2021-06-14T11:01:13.633Z [DEBUG] agent.plugin_loader.docker: using client connection initialized from environment: plugin_dir=/tmp/client/plugins
    2021-06-14T11:01:13.633Z [DEBUG] agent.plugin_loader.docker: using client connection initialized from environment: plugin_dir=/tmp/client/plugins
    2021-06-14T11:01:13.633Z [INFO]  agent: detected plugin: name=qemu type=driver plugin_version=0.1.0
    2021-06-14T11:01:13.633Z [INFO]  agent: detected plugin: name=java type=driver plugin_version=0.1.0
    2021-06-14T11:01:13.633Z [INFO]  agent: detected plugin: name=docker type=driver plugin_version=0.1.0
    2021-06-14T11:01:13.633Z [INFO]  agent: detected plugin: name=raw_exec type=driver plugin_version=0.1.0
    2021-06-14T11:01:13.633Z [INFO]  agent: detected plugin: name=exec type=driver plugin_version=0.1.0
    2021-06-14T11:01:13.633Z [INFO]  agent: detected plugin: name=nvidia-gpu type=device plugin_version=0.1.0
    2021-06-14T11:01:13.633Z [INFO]  client: using state directory: state_dir=/tmp/client/client
    2021-06-14T11:01:13.638Z [INFO]  client: using alloc directory: alloc_dir=/tmp/client/alloc
    2021-06-14T11:01:13.639Z [WARN]  client: could not initialize cpuset cgroup subsystem, cpuset management disabled: error="mkdir /sys/fs/cgroup/cpuset/nomad: permission denied"
    2021-06-14T11:01:13.639Z [DEBUG] client.fingerprint_mgr: built-in fingerprints: fingerprinters=[arch, bridge, cgroup, cni, consul, cpu, host, memory, network, nomad, signal, storage, vault, env_aws, env_gce, env_azure]
    2021-06-14T11:01:13.640Z [INFO]  client.fingerprint_mgr.cgroup: cgroups are available
    2021-06-14T11:01:13.640Z [DEBUG] client.fingerprint_mgr: CNI config dir is not set or does not exist, skipping: cni_config_dir=
    2021-06-14T11:01:13.640Z [DEBUG] client.fingerprint_mgr: fingerprinting periodically: fingerprinter=cgroup period=15s
    2021-06-14T11:01:13.640Z [DEBUG] client.fingerprint_mgr.cpu: detected cpu frequency: MHz=1996
    2021-06-14T11:01:13.640Z [DEBUG] client.fingerprint_mgr.cpu: detected core count: cores=1
    2021-06-14T11:01:13.640Z [DEBUG] client.fingerprint_mgr.cpu: detected reservable cores: cpuset=[]
    2021-06-14T11:01:13.641Z [DEBUG] client.fingerprint_mgr: fingerprinting periodically: fingerprinter=consul period=15s
    2021-06-14T11:01:13.649Z [DEBUG] client.fingerprint_mgr.network: link speed detected: interface=eth0 mbits=1000
    2021-06-14T11:01:13.649Z [DEBUG] client.fingerprint_mgr.network: detected interface IP: interface=eth0 IP=10.0.2.15
    2021-06-14T11:01:13.650Z [WARN]  client.fingerprint_mgr.network: unable to parse speed: path=/sbin/ethtool device=lo
    2021-06-14T11:01:13.650Z [DEBUG] client.fingerprint_mgr.network: unable to read link speed: path=/sys/class/net/lo/speed
    2021-06-14T11:01:13.650Z [DEBUG] client.fingerprint_mgr.network: link speed could not be detected, falling back to default speed: mbits=1000
    2021-06-14T11:01:13.656Z [WARN]  client.fingerprint_mgr.network: unable to parse speed: path=/sbin/ethtool device=docker0
    2021-06-14T11:01:13.656Z [DEBUG] client.fingerprint_mgr.network: unable to read link speed: path=/sys/class/net/docker0/speed
    2021-06-14T11:01:13.656Z [DEBUG] client.fingerprint_mgr.network: link speed could not be detected, falling back to default speed: mbits=1000
    2021-06-14T11:01:13.660Z [DEBUG] client.fingerprint_mgr: fingerprinting periodically: fingerprinter=vault period=15s
    2021-06-14T11:01:15.661Z [DEBUG] client.fingerprint_mgr.env_gce: could not read value for attribute: attribute=machine-type error="Get "http://169.254.169.254/computeMetadata/v1/instance/machine-type": context deadline exceeded (Client.Timeout exceeded while awaiting headers)"
    2021-06-14T11:01:15.661Z [DEBUG] client.fingerprint_mgr.env_gce: error querying GCE Metadata URL, skipping
    2021-06-14T11:01:17.662Z [DEBUG] client.fingerprint_mgr.env_azure: could not read value for attribute: attribute=compute/azEnvironment error="Get "http://169.254.169.254/metadata/instance/compute/azEnvironment?api-version=2019-06-04&format=text": dial tcp 169.254.169.254:80: i/o timeout (Client.Timeout exceeded while awaiting headers)"
    2021-06-14T11:01:19.664Z [DEBUG] client.fingerprint_mgr: detected fingerprints: node_attrs=[arch, bridge, cgroup, cpu, host, network, nomad, signal, storage]
    2021-06-14T11:01:19.664Z [INFO]  client.plugin: starting plugin manager: plugin-type=csi
    2021-06-14T11:01:19.664Z [INFO]  client.plugin: starting plugin manager: plugin-type=driver
    2021-06-14T11:01:19.664Z [INFO]  client.plugin: starting plugin manager: plugin-type=device
    2021-06-14T11:01:19.666Z [DEBUG] client.driver_mgr: initial driver fingerprint: driver=java health=undetected description="Driver must run as root"
    2021-06-14T11:01:19.667Z [DEBUG] client.driver_mgr: initial driver fingerprint: driver=raw_exec health=undetected description=disabled
    2021-06-14T11:01:19.667Z [DEBUG] client.driver_mgr: initial driver fingerprint: driver=exec health=undetected description="Driver must run as root"
    2021-06-14T11:01:19.667Z [DEBUG] client.driver_mgr: initial driver fingerprint: driver=qemu health=undetected description=
    2021-06-14T11:01:19.667Z [DEBUG] client.plugin: waiting on plugin manager initial fingerprint: plugin-type=driver
    2021-06-14T11:01:19.667Z [DEBUG] client.plugin: waiting on plugin manager initial fingerprint: plugin-type=device
    2021-06-14T11:01:19.667Z [DEBUG] client.plugin: finished plugin manager initial fingerprint: plugin-type=device
    2021-06-14T11:01:19.669Z [DEBUG] client.server_mgr: new server list: new_servers=[172.17.8.101:4647] old_servers=[]
    2021-06-14T11:01:19.772Z [DEBUG] client.driver_mgr: initial driver fingerprint: driver=docker health=healthy description=Healthy
    2021-06-14T11:01:19.772Z [DEBUG] client.driver_mgr: detected drivers: drivers="map[healthy:[docker] undetected:[exec qemu java raw_exec]]"
    2021-06-14T11:01:19.772Z [DEBUG] client.plugin: finished plugin manager initial fingerprint: plugin-type=driver
    2021-06-14T11:01:19.772Z [INFO]  client: started client: node_id=c8a3cfd3-da2d-88d3-1097-b901a43e8fea
    2021-06-14T11:01:19.775Z [DEBUG] client: updated allocations: index=1 total=0 pulled=0 filtered=0
    2021-06-14T11:01:19.775Z [DEBUG] client: allocation updates: added=0 removed=0 updated=0 ignored=0
    2021-06-14T11:01:19.775Z [DEBUG] client: allocation updates applied: added=0 removed=0 updated=0 ignored=0 errors=0
    2021-06-14T11:01:19.776Z [INFO]  client: node registration complete
    2021-06-14T11:01:25.502Z [DEBUG] client: state changed, updating node and re-registering
    2021-06-14T11:01:25.505Z [INFO]  client: node registration complete
==> Newer Nomad version available: 1.1.1 (currently running: 1.1.0)
    2021-06-14T11:06:32.714Z [DEBUG] client: updated allocations: index=1 total=0 pulled=0 filtered=0
    2021-06-14T11:06:32.715Z [DEBUG] client: allocation updates: added=0 removed=0 updated=0 ignored=0
    2021-06-14T11:06:32.716Z [DEBUG] client: allocation updates applied: added=0 removed=0 updated=0 ignored=0 errors=0
    2021-06-14T11:11:41.945Z [DEBUG] client: updated allocations: index=1 total=0 pulled=0 filtered=0
    2021-06-14T11:11:41.947Z [DEBUG] client: allocation updates: added=0 removed=0 updated=0 ignored=0
    2021-06-14T11:11:41.947Z [DEBUG] client: allocation updates applied: added=0 removed=0 updated=0 ignored=0 errors=0
    2021-06-14T11:16:52.542Z [DEBUG] client: updated allocations: index=1 total=0 pulled=0 filtered=0
    2021-06-14T11:16:52.543Z [DEBUG] client: allocation updates: added=0 removed=0 updated=0 ignored=0
    2021-06-14T11:16:52.543Z [DEBUG] client: allocation updates applied: added=0 removed=0 updated=0 ignored=0 errors=0
    2021-06-14T11:22:07.506Z [DEBUG] client: updated allocations: index=1 total=0 pulled=0 filtered=0
    2021-06-14T11:22:07.507Z [DEBUG] client: allocation updates: added=0 removed=0 updated=0 ignored=0
    2021-06-14T11:22:07.507Z [DEBUG] client: allocation updates applied: added=0 removed=0 updated=0 ignored=0 errors=0
    2021-06-14T11:27:21.281Z [DEBUG] client: updated allocations: index=1 total=0 pulled=0 filtered=0
    2021-06-14T11:27:21.282Z [DEBUG] client: allocation updates: added=0 removed=0 updated=0 ignored=0
    2021-06-14T11:27:21.282Z [DEBUG] client: allocation updates applied: added=0 removed=0 updated=0 ignored=0 errors=0
